<?xml version="1.0" encoding="UTF-8"?>
<robot generator="Robot 6.0 (Python 3.8.10 on linux)" generated="20221121 01:37:33.657" rpa="false" schemaversion="3">
<suite id="s1" name="Tests" source="/home/aapotuul/ohtu_palautus/viikko3/hello-robot/src/tests">
<suite id="s1-s1" name="Increase Counter" source="/home/aapotuul/ohtu_palautus/viikko3/hello-robot/src/tests/increase_counter.robot">
<test id="s1-s1-t1" name="Increase Counter Once" line="5">
<kw name="Counter Value Should Be" library="CounterLibrary">
<arg>0</arg>
<status status="PASS" starttime="20221121 01:37:33.670" endtime="20221121 01:37:33.670"/>
</kw>
<kw name="Increase Counter" library="CounterLibrary">
<status status="PASS" starttime="20221121 01:37:33.670" endtime="20221121 01:37:33.670"/>
</kw>
<kw name="Counter Value Should Be" library="CounterLibrary">
<arg>1</arg>
<status status="PASS" starttime="20221121 01:37:33.670" endtime="20221121 01:37:33.671"/>
</kw>
<status status="PASS" starttime="20221121 01:37:33.670" endtime="20221121 01:37:33.671"/>
</test>
<test id="s1-s1-t2" name="Increase Counter Many Times" line="10">
<kw name="Counter Value Should Be" library="CounterLibrary">
<arg>0</arg>
<status status="PASS" starttime="20221121 01:37:33.671" endtime="20221121 01:37:33.671"/>
</kw>
<kw name="Increase Counter" library="CounterLibrary">
<status status="PASS" starttime="20221121 01:37:33.671" endtime="20221121 01:37:33.671"/>
</kw>
<kw name="Increase Counter" library="CounterLibrary">
<status status="PASS" starttime="20221121 01:37:33.671" endtime="20221121 01:37:33.671"/>
</kw>
<kw name="Increase Counter" library="CounterLibrary">
<status status="PASS" starttime="20221121 01:37:33.671" endtime="20221121 01:37:33.671"/>
</kw>
<kw name="Counter Value Should Be" library="CounterLibrary">
<arg>3</arg>
<status status="PASS" starttime="20221121 01:37:33.671" endtime="20221121 01:37:33.671"/>
</kw>
<status status="PASS" starttime="20221121 01:37:33.671" endtime="20221121 01:37:33.672"/>
</test>
<test id="s1-s1-t3" name="Increment Counter By Amount" line="17">
<kw name="Counter Value Should Be" library="CounterLibrary">
<arg>0</arg>
<status status="PASS" starttime="20221121 01:37:33.672" endtime="20221121 01:37:33.672"/>
</kw>
<kw name="Increment Counter By" library="CounterLibrary">
<arg>5</arg>
<status status="PASS" starttime="20221121 01:37:33.672" endtime="20221121 01:37:33.672"/>
</kw>
<kw name="Counter Value Should Be" library="CounterLibrary">
<arg>5</arg>
<status status="PASS" starttime="20221121 01:37:33.672" endtime="20221121 01:37:33.672"/>
</kw>
<status status="PASS" starttime="20221121 01:37:33.672" endtime="20221121 01:37:33.672"/>
</test>
<status status="PASS" starttime="20221121 01:37:33.668" endtime="20221121 01:37:33.672"/>
</suite>
<suite id="s1-s2" name="Reset Counter" source="/home/aapotuul/ohtu_palautus/viikko3/hello-robot/src/tests/reset_counter.robot">
<test id="s1-s2-t1" name="Reset Counter After One Increment" line="5">
<kw name="Counter Value Should Be" library="CounterLibrary">
<arg>0</arg>
<status status="PASS" starttime="20221121 01:37:33.674" endtime="20221121 01:37:33.674"/>
</kw>
<kw name="Increase Counter" library="CounterLibrary">
<status status="PASS" starttime="20221121 01:37:33.674" endtime="20221121 01:37:33.674"/>
</kw>
<kw name="Counter Value Should Be" library="CounterLibrary">
<arg>1</arg>
<status status="PASS" starttime="20221121 01:37:33.674" endtime="20221121 01:37:33.674"/>
</kw>
<kw name="Reset Counter" library="CounterLibrary">
<status status="PASS" starttime="20221121 01:37:33.674" endtime="20221121 01:37:33.674"/>
</kw>
<kw name="Counter Value Should Be" library="CounterLibrary">
<arg>0</arg>
<status status="PASS" starttime="20221121 01:37:33.674" endtime="20221121 01:37:33.675"/>
</kw>
<status status="PASS" starttime="20221121 01:37:33.674" endtime="20221121 01:37:33.675"/>
</test>
<test id="s1-s2-t2" name="Reset Counter After Several Increments" line="12">
<kw name="Counter Value Should Be" library="CounterLibrary">
<arg>0</arg>
<status status="PASS" starttime="20221121 01:37:33.675" endtime="20221121 01:37:33.675"/>
</kw>
<kw name="Increment Counter By" library="CounterLibrary">
<arg>5</arg>
<status status="PASS" starttime="20221121 01:37:33.675" endtime="20221121 01:37:33.675"/>
</kw>
<kw name="Counter Value Should Be" library="CounterLibrary">
<arg>5</arg>
<status status="PASS" starttime="20221121 01:37:33.675" endtime="20221121 01:37:33.675"/>
</kw>
<kw name="Reset Counter" library="CounterLibrary">
<status status="PASS" starttime="20221121 01:37:33.675" endtime="20221121 01:37:33.675"/>
</kw>
<kw name="Counter Value Should Be" library="CounterLibrary">
<arg>0</arg>
<status status="PASS" starttime="20221121 01:37:33.676" endtime="20221121 01:37:33.676"/>
</kw>
<status status="PASS" starttime="20221121 01:37:33.675" endtime="20221121 01:37:33.676"/>
</test>
<status status="PASS" starttime="20221121 01:37:33.673" endtime="20221121 01:37:33.676"/>
</suite>
<status status="PASS" starttime="20221121 01:37:33.657" endtime="20221121 01:37:33.676"/>
</suite>
<statistics>
<total>
<stat pass="5" fail="0" skip="0">All Tests</stat>
</total>
<tag>
</tag>
<suite>
<stat pass="5" fail="0" skip="0" id="s1" name="Tests">Tests</stat>
<stat pass="3" fail="0" skip="0" id="s1-s1" name="Increase Counter">Tests.Increase Counter</stat>
<stat pass="2" fail="0" skip="0" id="s1-s2" name="Reset Counter">Tests.Reset Counter</stat>
</suite>
</statistics>
<errors>
</errors>
</robot>
